TN:
SF:src/eventEmitterClient.ts
FN:8,<instance_members_initializer>
FN:10,MessageEventEmitterClient
FN:32,getsocket
FNF:3
FNH:2
FNDA:2,<instance_members_initializer>
FNDA:2,MessageEventEmitterClient
FNDA:0,getsocket
DA:1,1
DA:2,1
DA:3,1
DA:4,1
DA:5,1
DA:6,1
DA:7,1
DA:8,1
DA:9,2
DA:10,2
DA:11,2
DA:12,2
DA:13,2
DA:14,2
DA:15,2
DA:16,2
DA:17,6
DA:18,6
DA:19,6
DA:20,2
DA:21,2
DA:22,2
DA:23,2
DA:24,2
DA:25,2
DA:26,2
DA:27,2
DA:28,2
DA:29,2
DA:30,2
DA:31,2
DA:32,2
DA:33,0
DA:34,0
DA:35,2
DA:36,2
LF:36
LH:34
BRDA:8,0,0,2
BRDA:10,1,0,2
BRDA:16,2,0,6
BRDA:19,3,0,2
BRF:4
BRH:4
end_of_record
